
ROM used:   344/8192 (4%)
            344/8192 (4%) including unused fragments

            0.4 Average locations per line
            22.9 Average locations per statement

RAM used:   28/368 (8%) at main() level
            41/368 (11%) worst case

Stack used: 1 worst case (0 in main + 1 for interrupts)
Stack size: 8

Lines Stmts  %   Files
----- ----- ---  -----
   79    15 100  ConfigurableTimer.c
  773     0   0  ..\..\..\..\..\..\..\Program Files (x86)\PICC\Devices\16f887.h
----- -----
  852    15 Total

Page ROM  %  RAM    Vol Diff  Functions:
---- --- --- ---    --- ----  ----------
0     20   6    0     98  3.3  systemTimer0_isr
0     94  27    0    209  4.2  MAIN
0     31   9    2             @ITOF
0    119  35   13             @MULFF
0     33  10    4             @SFTOI
 Inline         0             @cinit1

Program metrics:
    Functions               2
    Statements              15
    Comments                147
    Volume (V)              376
    Difficulty (D)          6.6
    Effort to implement (E) 2490
    Time to implement (T)   2 minutes
    Est Delivered Bugs (B)  0
    Cyclomatic Complexity   2
    Maintainability (MI)    144

 Segment     Used  Free
-----------  ----  ----
00000-00003     4  0  
00004-0002E    43  0  
0002F-007FF   297  1704  
00800-00FFF     0  2048  
01000-017FF     0  2048  
01800-01FFF     0  2048  



