
ROM used:   116/8192 (1%)
            116/8192 (1%) including unused fragments

            0.1 Average locations per line
            0.9 Average locations per statement

RAM used:   36/368 (10%) at main() level
            37/368 (10%) worst case

Stack used: 0 worst case (0 in main + 0 for interrupts)
Stack size: 8

Lines Stmts  %   Files
----- ----- ---  -----
  118     5   4  MainSlave.c
  773     0   0  ..\..\..\..\..\..\..\Program Files (x86)\PICC\Devices\16f887.h
  435   129  96  ..\..\..\..\..\..\..\Program Files (x86)\PICC\Drivers\string.h
   32     0   0  ..\..\..\..\..\..\..\Program Files (x86)\PICC\Drivers\stddef.h
   28     0   0  ..\..\..\..\..\..\..\Program Files (x86)\PICC\Drivers\ctype.h
----- -----
 1386   134 Total

Page ROM  %  RAM    Vol Diff  Functions:
---- --- --- ---    --- ----  ----------
0     23  20    1             @delay_ms1
0     89  77    0     72  1.6  MAIN
 Inline         0             @cinit1

Program metrics:
    Functions               1
    Statements              134
    Comments                353
    Volume (V)              76
    Difficulty (D)          1.3
    Effort to implement (E) 101
    Time to implement (T)   0 minutes
    Est Delivered Bugs (B)  0
    Cyclomatic Complexity   1
    Maintainability (MI)    32

 Segment     Used  Free
-----------  ----  ----
00000-00003     4  0  
00004-007FF   112  1932  
00800-00FFF     0  2048  
01000-017FF     0  2048  
01800-01FFF     0  2048  



