
ROM used:   1116/8192 (14%)
            1116/8192 (14%) including unused fragments

            0.3 Average locations per line
            2.9 Average locations per statement

RAM used:   39/368 (11%) at main() level
            57/368 (15%) worst case

Stack used: 1 worst case (0 in main + 1 for interrupts)
Stack size: 8

Lines Stmts  %   Files
----- ----- ---  -----
  146    43  11  ConfigurableTimerAndPotentiometer.c
  773     0   0  ..\..\..\..\..\..\..\..\..\Program Files (x86)\PICC\Devices\16f887.h
  456    84  22  ..\..\..\..\..\..\..\..\..\Program Files (x86)\PICC\Drivers\lcd.c
 2227   257  67  ..\..\..\..\..\..\..\..\..\Program Files (x86)\PICC\Drivers\math.h
----- -----
 3602   384 Total

Page ROM  %  RAM    Vol Diff  Functions:
---- --- --- ---    --- ----  ----------
0     21   2    1             @delay_ms1
 Inline         3    596  5.9  lcd_read_byte
0      6   1    0     59  4.2  lcd_read_nibble
0     12   1    1    179  3.3  lcd_send_nibble
0     64   6    3    460  4.7  lcd_send_byte
0     62   6    6    814  7.2  lcd_init
0     18   2    4    208  6.3  lcd_gotoxy
0     44   4    1    354  4.7  lcd_putc
0     33   3    4             @SFTOI
0     31   3    2             @ITOF
0    119  11   13             @MULFF
0     20   2    0     98  3.3  systemTimer0_isr
0    236  21    2   1032  7.5  MAIN
0     23   2    5             @MUL1616
0     39   3    5             @DIV1616
0      6   1    0             @const799
0     87   8    5             @PSTRINGCN7_626
0    101   9    9             @PRINTF_LU_626
0      5   0    0             @const804
0     21   2    3             @DIV88
0     89   8    6             @PRINTF_D_626
 Inline         0             @cinit1

Program metrics:
    Functions               9
    Statements              384
    Comments                531
    Volume (V)              5763
    Difficulty (D)          44.7
    Effort to implement (E) 257753
    Time to implement (T)   3 hours, 59 minutes
    Est Delivered Bugs (B)  1
    Cyclomatic Complexity   15
    Maintainability (MI)    45

 Segment     Used  Free
-----------  ----  ----
00000-00003     4  0  
00004-0004E    75  0  
0004F-007FF  1037  932  
00800-00FFF     0  2048  
01000-017FF     0  2048  
01800-01FFF     0  2048  



