
ROM used:   413/8192 (5%)
            413/8192 (5%) including unused fragments

            0.3 Average locations per line
            2.6 Average locations per statement

RAM used:   41/368 (11%) at main() level
            43/368 (12%) worst case

Stack used: 0 worst case (0 in main + 0 for interrupts)
Stack size: 8

Lines Stmts  %   Files
----- ----- ---  -----
   87    31  19  KeyPad.c
  773     0   0  ..\..\..\..\..\..\..\..\..\Program Files (x86)\PICC\Devices\16f887.h
  435   129  81  ..\..\..\..\..\..\..\..\..\Program Files (x86)\PICC\Drivers\string.h
   32     0   0  ..\..\..\..\..\..\..\..\..\Program Files (x86)\PICC\Drivers\stddef.h
   28     0   0  ..\..\..\..\..\..\..\..\..\Program Files (x86)\PICC\Drivers\ctype.h
----- -----
 1355   160 Total

Page ROM  %  RAM    Vol Diff  Functions:
---- --- --- ---    --- ----  ----------
0     68  16    5    243  7.0  strcmp
0     21   5    1             @delay_ms1
0    226  55    5    909  6.9  MAIN
0     32   8    6             @WRITEBITA
0     23   6    5             @READBITA
0     39   9    2             @MUL88
 Inline         0             @cinit1

Program metrics:
    Functions               2
    Statements              160
    Comments                291
    Volume (V)              1323
    Difficulty (D)          13.0
    Effort to implement (E) 17216
    Time to implement (T)   16 minutes
    Est Delivered Bugs (B)  0
    Cyclomatic Complexity   8
    Maintainability (MI)    57

 Segment     Used  Free
-----------  ----  ----
00000-00003     4  0  
00004-007FF   409  1635  
00800-00FFF     0  2048  
01000-017FF     0  2048  
01800-01FFF     0  2048  



