
ROM used:   270/8192 (3%)
            270/8192 (3%) including unused fragments

            0.3 Average locations per line
            7.5 Average locations per statement

RAM used:   35/368 (10%) at main() level
            40/368 (11%) worst case

Stack used: 3 worst case (1 in main + 2 for interrupts)
Stack size: 8

Lines Stmts  %   Files
----- ----- ---  -----
  112    36 100  3digitDisplayControl.c
  773     0   0  ..\..\..\..\..\..\..\..\..\Program Files (x86)\PICC\Devices\16f887.h
----- -----
  885    36 Total

Page ROM  %  RAM    Vol Diff  Functions:
---- --- --- ---    --- ----  ----------
0     21   8    1             @delay_ms1
0     13   5    1     32  1.0  system_OK_Button_isr
0    168  62    1   1056  5.4  MAIN
0     21   8    3             @DIV88
 Inline         0             @cinit1

Program metrics:
    Functions               2
    Statements              36
    Comments                167
    Volume (V)              1152
    Difficulty (D)          6.4
    Effort to implement (E) 7414
    Time to implement (T)   7 minutes
    Est Delivered Bugs (B)  0
    Cyclomatic Complexity   1
    Maintainability (MI)    141

 Segment     Used  Free
-----------  ----  ----
00000-00003     4  0  
00004-0002E    43  0  
0002F-007FF   223  1778  
00800-00FFF     0  2048  
01000-017FF     0  2048  
01800-01FFF     0  2048  



