
ROM used:   71/8192 (1%)
            71/8192 (1%) including unused fragments

            0.1 Average locations per line
            7.9 Average locations per statement

RAM used:   6/368 (2%) at main() level
            7/368 (2%) worst case

Stack used: 0 worst case (0 in main + 0 for interrupts)
Stack size: 8

Lines Stmts  %   Files
----- ----- ---  -----
   39     9 100  InterrupOfButton.c
  773     0   0  ..\..\..\..\..\..\..\..\Program Files (x86)\PICC\Devices\16f887.h
----- -----
  812     9 Total

Page ROM  %  RAM    Vol Diff  Functions:
---- --- --- ---    --- ----  ----------
0     23  32    1             @delay_ms1
0     44  62    1    167  2.6  main
 Inline         0             @cinit1

Program metrics:
    Functions               1
    Statements              9
    Comments                136
    Volume (V)              172
    Difficulty (D)          2.4
    Effort to implement (E) 407
    Time to implement (T)   0 minutes
    Est Delivered Bugs (B)  0
    Cyclomatic Complexity   1
    Maintainability (MI)    73

 Segment     Used  Free
-----------  ----  ----
00000-00003     4  0  
00004-007FF    67  1977  
00800-00FFF     0  2048  
01000-017FF     0  2048  
01800-01FFF     0  2048  



