
ROM used:   1378/8192 (17%)
            1378/8192 (17%) including unused fragments

            1.0 Average locations per line
            13.5 Average locations per statement

RAM used:   29/368 (8%) at main() level
            51/368 (14%) worst case

Stack used: 5 worst case (5 in main + 0 for interrupts)
Stack size: 8

Lines Stmts  %   Files
----- ----- ---  -----
  155    18  18  LCD_Screen.c
  773     0   0  ..\..\..\..\..\..\..\..\..\Program Files (x86)\PICC\Devices\16f887.h
  456    84  82  ..\..\..\..\..\..\..\..\..\Program Files (x86)\PICC\Drivers\lcd.c
----- -----
 1384   102 Total

Page ROM  %  RAM    Vol Diff  Functions:
---- --- --- ---    --- ----  ----------
0     21   2    1             @delay_ms1
 Inline         3    596  5.9  lcd_read_byte
0      6   0    0     59  4.2  lcd_read_nibble
0     12   1    1    179  3.3  lcd_send_nibble
0     64   5    3    460  4.7  lcd_send_byte
0     62   4    6    814  7.2  lcd_init
0     18   1    4    208  6.3  lcd_gotoxy
0     44   3    1    354  4.7  lcd_putc
0    194  14    4    552  3.7  MAIN
0      8   1    0             @const647
0     86   6    4             @PSTRINGC7_626
0      6   0    0             @const652
0     31   2    2             @ITOF
0    204  15   14             @DIVFF
0    117   8   13             @MULFF
0    101   7    9             @PRINTF_LU_626
0      6   0    0             @const665
0     89   6    5             @PSTRINGCN7_626
 Inline         5             @FTOSD
0     79   6   13             @DIV3232
0    226  16   13             @PRINTF_L32D_626FPFPF
 Inline         0             @cinit1

Program metrics:
    Functions               8
    Statements              102
    Comments                390
    Volume (V)              4890
    Difficulty (D)          36.8
    Effort to implement (E) 179897
    Time to implement (T)   2 hours, 47 minutes
    Est Delivered Bugs (B)  1
    Cyclomatic Complexity   8
    Maintainability (MI)    47

 Segment     Used  Free
-----------  ----  ----
00000-00003     4  0  
00004-007FF  1374  670  
00800-00FFF     0  2048  
01000-017FF     0  2048  
01800-01FFF     0  2048  



