
ROM used:   1477/8192 (18%)
            1477/8192 (18%) including unused fragments

            1.0 Average locations per line
            8.8 Average locations per statement

RAM used:   37/368 (10%) at main() level
            51/368 (14%) worst case

Stack used: 5 worst case (5 in main + 0 for interrupts)
Stack size: 8

Lines Stmts  %   Files
----- ----- ---  -----
  249    83  50  InternalEEPROM.c
  773     0   0  ..\..\..\..\..\..\..\..\..\Program Files (x86)\PICC\Devices\16f887.h
  456    84  50  ..\..\..\..\..\..\..\..\..\Program Files (x86)\PICC\Drivers\lcd.c
----- -----
 1478   167 Total

Page ROM  %  RAM    Vol Diff  Functions:
---- --- --- ---    --- ----  ----------
0     21   1    1             @delay_ms1
 Inline         3    596  5.9  lcd_read_byte
0      6   0    0     59  4.2  lcd_read_nibble
0     12   1    1    179  3.3  lcd_send_nibble
0     64   4    3    460  4.7  lcd_send_byte
0     62   4    6    814  7.2  lcd_init
0     18   1    4    208  6.3  lcd_gotoxy
0     44   3    1    354  4.7  lcd_putc
0    101   7    2    236  3.2  MAIN
0    582  39    1    791  1.9  displayOperationStatus_WriteVariables_to_EEPROM
0      8   1    0             @const665
0     86   6    4             @PSTRINGC7_626
0      7   0    0             @const671
0      7   0    0    447  3.2  @const672
0      5   0    0             @const674
0      6   0    0    447  3.2  @const675
0      6   0    0             @const677
0      8   1    0             @const678
0    285  19    0    354  1.8  display_SelectedOpsVal_EEPROM_OnLCD
0     21   1    3   1009  4.4  @DIV88
0     87   6    6   1009  4.4  @PRINTF_D_626
 Inline         1    922  4.4  Read_EEPROMVariables_from_EEPROMregs
 Inline         2    383  4.6  loadCostValuesToEEPROMVariables
0     37   3    5             @DIV1616
 Inline         5   1009  4.4  @MUL1616
 Inline         1   1009  4.4  write_EEPROMVariables_to_EEPROMregs
 Inline         0             @cinit1

Program metrics:
    Functions               18
    Statements              167
    Comments                300
    Volume (V)              17354
    Difficulty (D)          72.5
    Effort to implement (E) 1258752
    Time to implement (T)   19 hours, 26 minutes
    Est Delivered Bugs (B)  4
    Cyclomatic Complexity   18
    Maintainability (MI)    101

 Segment     Used  Free
-----------  ----  ----
00000-00003     4  0  
00004-007FF  1473  571  
00800-00FFF     0  2048  
01000-017FF     0  2048  
01800-01FFF     0  2048  



